19:57:36.813 [main] INFO  api.test.UserTests - ############# Creating User #############
19:57:38.279 [main] INFO  api.test.UserTests - ############# User Created #############
19:57:38.294 [main] INFO  api.test.UserTests - ############# Updating User #############
19:57:38.409 [main] INFO  api.test.UserTests - ############# User updated #############
20:01:02.039 [main] INFO  api.test.UserTests - ############# Creating User #############
20:01:03.521 [main] INFO  api.test.UserTests - ############# User Created #############
20:01:03.541 [main] INFO  api.test.UserTests - ############# Updating User #############
20:01:03.664 [main] INFO  api.test.UserTests - ############# User updated #############
20:01:03.664 [main] DEBUG api.test.UserTests - debugging......
20:52:03.434 [main] INFO  api.test.UserTests - ############# Creating User #############
20:52:05.264 [main] INFO  api.test.UserTests - ############# User Created #############
20:52:05.269 [main] INFO  api.test.UserTests - ############# Updating User #############
20:52:05.409 [main] INFO  api.test.UserTests - ############# User updated #############
23:18:52.896 [main] INFO  api.test.UserTests - ############# Creating User #############
23:18:54.631 [main] INFO  api.test.UserTests - ############# User Created #############
23:18:54.650 [main] INFO  api.test.UserTests - ############# Updating User #############
23:18:54.761 [main] INFO  api.test.UserTests - ############# User updated #############
00:34:33.420 [main] INFO  api.test.UserTests - ############# Creating User #############
00:34:35.336 [main] INFO  api.test.UserTests - ############# User Created #############
00:34:35.350 [main] INFO  api.test.UserTests - ############# Updating User #############
00:34:35.471 [main] INFO  api.test.UserTests - ############# User updated #############
00:48:46.304 [main] INFO  api.test.UserTests - ############# Creating User #############
00:48:48.130 [main] INFO  api.test.UserTests - ############# User Created #############
00:48:48.143 [main] INFO  api.test.UserTests - ############# Updating User #############
00:48:48.264 [main] INFO  api.test.UserTests - ############# User updated #############
00:50:02.228 [main] INFO  api.test.UserTests - ############# Creating User #############
00:50:03.668 [main] INFO  api.test.UserTests - ############# User Created #############
00:50:03.692 [main] INFO  api.test.UserTests - ############# Updating User #############
00:50:03.820 [main] INFO  api.test.UserTests - ############# User updated #############
00:52:09.982 [main] INFO  api.test.UserTests - ############# Creating User #############
00:52:11.814 [main] INFO  api.test.UserTests - ############# User Created #############
00:52:11.831 [main] INFO  api.test.UserTests - ############# Updating User #############
00:52:11.955 [main] INFO  api.test.UserTests - ############# User updated #############
01:49:58.862 [main] INFO  api.test.UserTests - ############# Creating User #############
01:50:00.590 [main] INFO  api.test.UserTests - ############# User Created #############
01:50:00.600 [main] INFO  api.test.UserTests - ############# Updating User #############
01:50:00.746 [main] INFO  api.test.UserTests - ############# User updated #############
01:50:16.565 [main] INFO  api.test.UserTests - ############# Creating User #############
01:50:18.129 [main] INFO  api.test.UserTests - ############# User Created #############
01:50:18.143 [main] INFO  api.test.UserTests - ############# Updating User #############
01:50:18.276 [main] INFO  api.test.UserTests - ############# User updated #############
01:50:40.583 [main] INFO  api.test.UserTests - ############# Creating User #############
01:50:42.280 [main] INFO  api.test.UserTests - ############# User Created #############
01:50:42.309 [main] INFO  api.test.UserTests - ############# Updating User #############
01:50:42.432 [main] INFO  api.test.UserTests - ############# User updated #############
02:03:23.563 [main] INFO  api.test.UserTests - ############# Creating User #############
02:03:25.712 [main] INFO  api.test.UserTests - ############# User Created #############
02:03:25.726 [main] INFO  api.test.UserTests - ############# Updating User #############
02:03:25.885 [main] INFO  api.test.UserTests - ############# User updated #############
02:03:49.737 [main] INFO  api.test.UserTests - ############# Creating User #############
02:03:51.999 [main] INFO  api.test.UserTests - ############# User Created #############
02:03:52.012 [main] INFO  api.test.UserTests - ############# Updating User #############
02:03:52.142 [main] INFO  api.test.UserTests - ############# User updated #############
02:04:01.358 [main] INFO  api.test.UserTests - ############# Creating User #############
02:04:03.875 [main] INFO  api.test.UserTests - ############# User Created #############
02:04:03.895 [main] INFO  api.test.UserTests - ############# Updating User #############
02:04:04.042 [main] INFO  api.test.UserTests - ############# User updated #############
19:51:39.235 [main] INFO  api.test.UserTests - ############# Creating User #############
19:51:40.911 [main] INFO  api.test.UserTests - ############# User Created #############
19:51:40.930 [main] INFO  api.test.UserTests - ############# Updating User #############
19:51:41.062 [main] INFO  api.test.UserTests - ############# User updated #############
19:52:01.893 [main] INFO  api.test.UserTests - ############# Creating User #############
19:52:03.396 [main] INFO  api.test.UserTests - ############# User Created #############
19:52:03.406 [main] INFO  api.test.UserTests - ############# Updating User #############
19:52:03.527 [main] INFO  api.test.UserTests - ############# User updated #############
19:52:13.799 [main] INFO  api.test.UserTests - ############# Creating User #############
19:52:15.265 [main] INFO  api.test.UserTests - ############# User Created #############
19:52:15.277 [main] INFO  api.test.UserTests - ############# Updating User #############
19:52:15.410 [main] INFO  api.test.UserTests - ############# User updated #############
19:52:45.971 [main] INFO  api.test.UserTests - ############# Creating User #############
19:52:47.482 [main] INFO  api.test.UserTests - ############# User Created #############
19:52:47.497 [main] INFO  api.test.UserTests - ############# Updating User #############
19:52:47.611 [main] INFO  api.test.UserTests - ############# User updated #############
19:53:11.538 [main] INFO  api.test.UserTests - ############# Creating User #############
19:53:13.007 [main] INFO  api.test.UserTests - ############# User Created #############
19:53:13.018 [main] INFO  api.test.UserTests - ############# Updating User #############
19:53:13.133 [main] INFO  api.test.UserTests - ############# User updated #############
21:40:02.329 [main] INFO  api.test.UserTests - ############# Creating User #############
21:40:03.943 [main] INFO  api.test.UserTests - ############# User Created #############
21:40:03.951 [main] INFO  api.test.UserTests - ############# Updating User #############
21:40:04.068 [main] INFO  api.test.UserTests - ############# User updated #############
